[2025-05-20 09:36:46] =================== DÉBUT TÉLÉCHARGEMENT ZIP ===================
[2025-05-20 09:36:46] Token reçu: 5b4f98e7c8d13c8e14881ac1b1dd2073
[2025-05-20 09:36:46] Informations du lot récupérées: {"pdfs":[{"path":"C:\\laragon\\www\\EXTRACTYS\\filemanager\\facture\/..\/python\/generated_offers\/offre_simple_Operateur_20250520.pdf","facture_id":15,"prestataire":"Op\u00e9rateur"},{"path":"C:\\laragon\\www\\EXTRACTYS\\filemanager\\facture\/..\/python\/generated_offers\/offre_simple_Operateur_20250520.pdf","facture_id":14,"prestataire":"Op\u00e9rateur"},{"path":"C:\\laragon\\www\\EXTRACTYS\\filemanager\\facture\/..\/python\/generated_offers\/offre_secours_SFR_20250520.pdf","facture_id":3,"prestataire":"SFR"},{"path":"C:\\laragon\\www\\EXTRACTYS\\filemanager\\facture\/..\/python\/generated_offers\/offre_secours_SFR_20250520.pdf","facture_id":1,"prestataire":"SFR"}],"count":4,"expires":1747737375}
[2025-05-20 09:36:46] Fichier ZIP temporaire: C:\Users\yohan\AppData\Local\Temp\off1D79.tmp.zip
[2025-05-20 09:36:46] Ajout du fichier au ZIP: C:\laragon\www\EXTRACTYS\filemanager\facture/../python/generated_offers/offre_simple_Operateur_20250520.pdf -> offre_Op__rateur_facture_15.pdf
[2025-05-20 09:36:46] Ajout du fichier au ZIP: C:\laragon\www\EXTRACTYS\filemanager\facture/../python/generated_offers/offre_simple_Operateur_20250520.pdf -> offre_Op__rateur_facture_14.pdf
[2025-05-20 09:36:46] Ajout du fichier au ZIP: C:\laragon\www\EXTRACTYS\filemanager\facture/../python/generated_offers/offre_secours_SFR_20250520.pdf -> offre_SFR_facture_3.pdf
[2025-05-20 09:36:46] Ajout du fichier au ZIP: C:\laragon\www\EXTRACTYS\filemanager\facture/../python/generated_offers/offre_secours_SFR_20250520.pdf -> offre_SFR_facture_1.pdf
[2025-05-20 09:36:46] Archive ZIP fermée
[2025-05-20 09:36:46] Taille du fichier ZIP: 5094 octets
[2025-05-20 09:36:47] Fichier ZIP temporaire supprimé
[2025-05-20 09:36:47] ZIP téléchargé avec succès
[2025-05-20 09:36:47] =================== FIN TÉLÉCHARGEMENT ZIP ===================
[2025-05-20 09:36:47] =================== DÉBUT TÉLÉCHARGEMENT ZIP ===================
[2025-05-20 09:36:47] Token reçu: 5b4f98e7c8d13c8e14881ac1b1dd2073
[2025-05-20 09:36:47] Informations du lot récupérées: {"pdfs":[{"path":"C:\\laragon\\www\\EXTRACTYS\\filemanager\\facture\/..\/python\/generated_offers\/offre_simple_Operateur_20250520.pdf","facture_id":15,"prestataire":"Op\u00e9rateur"},{"path":"C:\\laragon\\www\\EXTRACTYS\\filemanager\\facture\/..\/python\/generated_offers\/offre_simple_Operateur_20250520.pdf","facture_id":14,"prestataire":"Op\u00e9rateur"},{"path":"C:\\laragon\\www\\EXTRACTYS\\filemanager\\facture\/..\/python\/generated_offers\/offre_secours_SFR_20250520.pdf","facture_id":3,"prestataire":"SFR"},{"path":"C:\\laragon\\www\\EXTRACTYS\\filemanager\\facture\/..\/python\/generated_offers\/offre_secours_SFR_20250520.pdf","facture_id":1,"prestataire":"SFR"}],"count":4,"expires":1747737375}
[2025-05-20 09:36:47] Fichier ZIP temporaire: C:\Users\yohan\AppData\Local\Temp\off1ED2.tmp.zip
[2025-05-20 09:36:47] Ajout du fichier au ZIP: C:\laragon\www\EXTRACTYS\filemanager\facture/../python/generated_offers/offre_simple_Operateur_20250520.pdf -> offre_Op__rateur_facture_15.pdf
[2025-05-20 09:36:47] Ajout du fichier au ZIP: C:\laragon\www\EXTRACTYS\filemanager\facture/../python/generated_offers/offre_simple_Operateur_20250520.pdf -> offre_Op__rateur_facture_14.pdf
[2025-05-20 09:36:47] Ajout du fichier au ZIP: C:\laragon\www\EXTRACTYS\filemanager\facture/../python/generated_offers/offre_secours_SFR_20250520.pdf -> offre_SFR_facture_3.pdf
[2025-05-20 09:36:47] Ajout du fichier au ZIP: C:\laragon\www\EXTRACTYS\filemanager\facture/../python/generated_offers/offre_secours_SFR_20250520.pdf -> offre_SFR_facture_1.pdf
[2025-05-20 09:36:47] Archive ZIP fermée
[2025-05-20 09:36:47] Taille du fichier ZIP: 5094 octets
[2025-05-20 09:36:47] Fichier ZIP temporaire supprimé
[2025-05-20 09:36:47] ZIP téléchargé avec succès
[2025-05-20 09:36:47] =================== FIN TÉLÉCHARGEMENT ZIP ===================
[2025-05-20 09:36:47] =================== DÉBUT TÉLÉCHARGEMENT ZIP ===================
[2025-05-20 09:36:47] Token reçu: 5b4f98e7c8d13c8e14881ac1b1dd2073
[2025-05-20 09:36:47] Informations du lot récupérées: {"pdfs":[{"path":"C:\\laragon\\www\\EXTRACTYS\\filemanager\\facture\/..\/python\/generated_offers\/offre_simple_Operateur_20250520.pdf","facture_id":15,"prestataire":"Op\u00e9rateur"},{"path":"C:\\laragon\\www\\EXTRACTYS\\filemanager\\facture\/..\/python\/generated_offers\/offre_simple_Operateur_20250520.pdf","facture_id":14,"prestataire":"Op\u00e9rateur"},{"path":"C:\\laragon\\www\\EXTRACTYS\\filemanager\\facture\/..\/python\/generated_offers\/offre_secours_SFR_20250520.pdf","facture_id":3,"prestataire":"SFR"},{"path":"C:\\laragon\\www\\EXTRACTYS\\filemanager\\facture\/..\/python\/generated_offers\/offre_secours_SFR_20250520.pdf","facture_id":1,"prestataire":"SFR"}],"count":4,"expires":1747737375}
[2025-05-20 09:36:47] Fichier ZIP temporaire: C:\Users\yohan\AppData\Local\Temp\off2105.tmp.zip
[2025-05-20 09:36:47] Ajout du fichier au ZIP: C:\laragon\www\EXTRACTYS\filemanager\facture/../python/generated_offers/offre_simple_Operateur_20250520.pdf -> offre_Op__rateur_facture_15.pdf
[2025-05-20 09:36:47] Ajout du fichier au ZIP: C:\laragon\www\EXTRACTYS\filemanager\facture/../python/generated_offers/offre_simple_Operateur_20250520.pdf -> offre_Op__rateur_facture_14.pdf
[2025-05-20 09:36:47] Ajout du fichier au ZIP: C:\laragon\www\EXTRACTYS\filemanager\facture/../python/generated_offers/offre_secours_SFR_20250520.pdf -> offre_SFR_facture_3.pdf
[2025-05-20 09:36:47] Ajout du fichier au ZIP: C:\laragon\www\EXTRACTYS\filemanager\facture/../python/generated_offers/offre_secours_SFR_20250520.pdf -> offre_SFR_facture_1.pdf
[2025-05-20 09:36:47] Archive ZIP fermée
[2025-05-20 09:36:47] Taille du fichier ZIP: 5094 octets
[2025-05-20 09:36:47] Fichier ZIP temporaire supprimé
[2025-05-20 09:36:47] ZIP téléchargé avec succès
[2025-05-20 09:36:47] =================== FIN TÉLÉCHARGEMENT ZIP ===================
